{
  "RSpec": {
    "coverage": {
      "/Users/michaelconstantinou/assignments/recipie_site/recipieSite/config/boot.rb": [
        null,
        1,
        1,
        null,
        null,
        1,
        1,
        null,
        null,
        null,
        null,
        null,
        null,
        null,
        null,
        null,
        null,
        null,
        null,
        null,
        null,
        null,
        null,
        null,
        null,
        null,
        null,
        null,
        null,
        null,
        null,
        null,
        null,
        null,
        null,
        null,
        null,
        null,
        null,
        null,
        null,
        null,
        null,
        null,
        1,
        null,
        null,
        null,
        null,
        null,
        1,
        null,
        null,
        null,
        null,
        null,
        1,
        null,
        null,
        1
      ],
      "/Users/michaelconstantinou/assignments/recipie_site/recipieSite/config/database.rb": [
        null,
        null,
        null,
        null,
        null,
        null,
        null,
        null,
        null,
        null,
        null,
        null,
        null,
        null,
        null,
        1,
        null,
        null,
        null,
        null,
        null,
        1,
        null,
        null,
        null,
        null,
        null,
        1,
        null,
        null,
        null,
        null,
        null,
        null,
        1,
        null,
        1,
        null,
        0,
        null,
        null,
        null,
        0,
        null,
        null,
        null,
        1,
        null,
        null,
        1,
        null,
        null,
        1,
        null,
        null,
        null,
        1,
        null,
        null,
        1,
        null,
        null,
        1
      ],
      "/Users/michaelconstantinou/assignments/recipie_site/recipieSite/lib/connection_pool_management_middleware.rb": [
        1,
        1,
        1,
        null,
        null,
        1,
        6,
        null,
        null
      ],
      "/Users/michaelconstantinou/assignments/recipie_site/recipieSite/models/chef.rb": [
        1,
        null,
        1,
        1,
        1,
        null,
        null
      ],
      "/Users/michaelconstantinou/assignments/recipie_site/recipieSite/models/category.rb": [
        1,
        null,
        1,
        1,
        null,
        null
      ],
      "/Users/michaelconstantinou/assignments/recipie_site/recipieSite/models/recipe.rb": [
        1,
        null,
        1,
        1,
        1,
        1,
        null,
        null
      ],
      "/Users/michaelconstantinou/assignments/recipie_site/recipieSite/config/apps.rb": [
        null,
        null,
        null,
        null,
        null,
        null,
        null,
        null,
        null,
        null,
        null,
        null,
        null,
        null,
        null,
        null,
        null,
        null,
        null,
        null,
        null,
        null,
        null,
        null,
        null,
        null,
        null,
        1,
        null,
        1,
        1,
        1,
        null,
        null,
        null,
        1
      ],
      "/Users/michaelconstantinou/assignments/recipie_site/recipieSite/app/app.rb": [
        1,
        1,
        1,
        1,
        1,
        1,
        null,
        1,
        null,
        null,
        null,
        null,
        null,
        null,
        null,
        null,
        null,
        null,
        null,
        null,
        null,
        null,
        null,
        null,
        null,
        null,
        null,
        null,
        null,
        null,
        null,
        null,
        null,
        null,
        null,
        null,
        null,
        null,
        null,
        null,
        null,
        null,
        null,
        null,
        null,
        null,
        null,
        null,
        null,
        null,
        null,
        null,
        null,
        null,
        null,
        null,
        null,
        null,
        null,
        null,
        null,
        null,
        null,
        null,
        null,
        null,
        null
      ],
      "/Users/michaelconstantinou/assignments/recipie_site/recipieSite/app/helpers/chefs_helper.rb": [
        null,
        null,
        1,
        1,
        1,
        null,
        null,
        null,
        null,
        null,
        1,
        null,
        null
      ],
      "/Users/michaelconstantinou/assignments/recipie_site/recipieSite/app/helpers/recipes_helper.rb": [
        null,
        null,
        1,
        1,
        1,
        null,
        null,
        null,
        null,
        null,
        1,
        null,
        null
      ],
      "/Users/michaelconstantinou/assignments/recipie_site/recipieSite/app/helpers/categories_helper.rb": [
        null,
        null,
        1,
        1,
        1,
        null,
        null,
        null,
        null,
        null,
        1,
        null,
        null
      ],
      "/Users/michaelconstantinou/assignments/recipie_site/recipieSite/spec/app/controllers/chefs_controller_spec.rb": [
        1,
        1,
        null,
        null,
        1,
        null,
        1,
        1,
        1,
        1,
        1,
        1,
        1,
        1,
        null,
        null,
        null,
        null,
        1,
        1,
        1,
        1,
        1,
        1,
        1,
        null,
        null,
        null,
        null
      ],
      "/Users/michaelconstantinou/assignments/recipie_site/recipieSite/spec/app/controllers/recipes_controller_spec.rb": [
        1,
        1,
        1,
        null,
        null,
        null,
        null,
        null
      ],
      "/Users/michaelconstantinou/assignments/recipie_site/recipieSite/spec/app/helpers/categories_helper_spec.rb": [
        1,
        null,
        1,
        1,
        1,
        0,
        0,
        null,
        0,
        0,
        null,
        null,
        null
      ],
      "/Users/michaelconstantinou/assignments/recipie_site/recipieSite/spec/app/helpers/chefs_helper_spec.rb": [
        1,
        null,
        1,
        1,
        1,
        0,
        0,
        null,
        0,
        0,
        null,
        null,
        null
      ],
      "/Users/michaelconstantinou/assignments/recipie_site/recipieSite/spec/app/helpers/recipes_helper_spec.rb": [
        1,
        null,
        1,
        1,
        1,
        0,
        0,
        null,
        0,
        0,
        null,
        null,
        null
      ],
      "/Users/michaelconstantinou/assignments/recipie_site/recipieSite/spec/models/chef_spec.rb": [
        1,
        null,
        1,
        1,
        null
      ],
      "/Users/michaelconstantinou/assignments/recipie_site/recipieSite/spec/models/recipe_spec.rb": [
        1,
        null,
        1,
        1,
        null
      ],
      "/Users/michaelconstantinou/assignments/recipie_site/recipieSite/app/controllers/recipes.rb": [
        1,
        null,
        null,
        null,
        null,
        null,
        null,
        null,
        null,
        null,
        null,
        null,
        null,
        null,
        null,
        null,
        null,
        null,
        null,
        null,
        null,
        null,
        null,
        null,
        null,
        null
      ],
      "/Users/michaelconstantinou/assignments/recipie_site/recipieSite/app/controllers/categories.rb": [
        1,
        null,
        1,
        1,
        1,
        null,
        null,
        1,
        1,
        null,
        1,
        null,
        null,
        null,
        null,
        null,
        null,
        null,
        null,
        null,
        null,
        null,
        null,
        null,
        null,
        null,
        null,
        null,
        null
      ],
      "/Users/michaelconstantinou/assignments/recipie_site/recipieSite/app/controllers/chefs.rb": [
        1,
        null,
        1,
        0,
        0,
        null,
        null,
        1,
        1,
        null,
        1,
        null,
        null,
        null,
        null,
        null,
        null,
        null,
        null,
        null,
        null,
        null,
        null,
        null,
        null,
        null,
        null,
        null,
        null,
        null,
        null,
        null,
        null,
        null
      ]
    },
    "timestamp": 1521023137
  }
}
